06/10/2021 Wednesday 17:39:07 | ERROR | problem-compile.log | /run-bank-problem | DATA: {} | 
06/10/2021 Wednesday 17:39:37 | ERROR | problem-compile.log | /run-bank-problem | DATA: {} | 
06/10/2021 Wednesday 17:40:27 | ERROR | problem-compile.log | /run-bank-problem | DATA: {} | 
06/10/2021 Wednesday 17:41:08 | ERROR | problem-compile.log | /run-bank-problem | DATA: {} | 
06/10/2021 Wednesday 17:56:43 | ERROR | problem-compile.log | /run-bank-problem | DATA: {} | 
06/10/2021 Wednesday 18:18:05 | ERROR | problem-compile.log | /run-bank-problem | DATA: {} | 
06/10/2021 Wednesday 18:19:06 | ERROR | problem-compile.log | /run-bank-problem | DATA: {} | 
06/10/2021 Wednesday 18:19:51 | ERROR | problem-compile.log | /run-bank-problem | DATA: {} | 
06/10/2021 Wednesday 18:20:20 | ERROR | problem-compile.log | /run-bank-problem | DATA: {} | 
06/10/2021 Wednesday 18:37:44 | INFO | problem-compile.log | request /compile-problem | LOG_DATA: {"userId":70,"data":{"language":"C","problemId":1,"sourceCode":"#include<stdio.h>\nint main(void) {\n    /*\n    *\twrite your codes!\n    */\t\n    return 0;\n}"}} | 
06/10/2021 Wednesday 18:37:44 | INFO | problem-compile.log | return /compile-problem | DATA: {"correctCount":0,"count":10} | LOG_DATA: {"userId":70,"data":{"language":"C","problemId":1,"sourceCode":"#include<stdio.h>\nint main(void) {\n    /*\n    *\twrite your codes!\n    */\t\n    return 0;\n}"}} | 
06/10/2021 Wednesday 18:38:32 | INFO | problem-compile.log | request /compile-problem | LOG_DATA: {"userId":70,"data":{"language":"C","problemId":1,"sourceCode":"#include<stdio.h>\nint main(void) {\n    /*\n    *\twrite your codes!\n    */\t\n    return 0;\n}"}} | 
06/10/2021 Wednesday 18:38:32 | INFO | problem-compile.log | return /compile-problem | DATA: {"correctCount":0,"count":10} | LOG_DATA: {"userId":70,"data":{"language":"C","problemId":1,"sourceCode":"#include<stdio.h>\nint main(void) {\n    /*\n    *\twrite your codes!\n    */\t\n    return 0;\n}"}} | 
06/10/2021 Wednesday 18:38:35 | INFO | problem-compile.log | request /compile-problem | LOG_DATA: {"userId":70,"data":{"language":"C","problemId":1,"sourceCode":"#include<stdio.h>\nint main(void) {\n    /*\n    *\twrite your codes!\n    */\t\n    return 0;\n}"}} | 
06/10/2021 Wednesday 18:38:36 | INFO | problem-compile.log | return /compile-problem | DATA: {"correctCount":0,"count":10} | LOG_DATA: {"userId":70,"data":{"language":"C","problemId":1,"sourceCode":"#include<stdio.h>\nint main(void) {\n    /*\n    *\twrite your codes!\n    */\t\n    return 0;\n}"}} | 
06/10/2021 Wednesday 18:39:19 | ERROR | problem-compile.log | /run-bank-problem | DATA: {"code":"ERR_HTTP_HEADERS_SENT"} | LOG_DATA: {"userId":70,"data":{"language":"C","problemId":1,"sourceCode":"#include<stdio.h>\nint main(void) {\n    /*\n    *\twrite your codes!\n    */\t\n    return 0;\n}"}} | 
06/10/2021 Wednesday 18:39:41 | ERROR | problem-compile.log | /run-bank-problem | DATA: {"code":"ERR_HTTP_HEADERS_SENT"} | 
06/10/2021 Wednesday 18:39:59 | ERROR | problem-compile.log | /run-bank-problem | DATA: {"code":"ERR_HTTP_HEADERS_SENT"} | 
06/10/2021 Wednesday 18:40:42 | ERROR | problem-compile.log | /run-bank-problem | DATA: {"code":"ERR_HTTP_HEADERS_SENT"} | 
06/10/2021 Wednesday 18:41:29 | ERROR | problem-compile.log | /run-bank-problem | DATA: {"code":"ERR_HTTP_HEADERS_SENT"} | 
06/10/2021 Wednesday 18:41:39 | ERROR | problem-compile.log | /run-bank-problem | DATA: {"code":"ERR_HTTP_HEADERS_SENT"} | 
06/10/2021 Wednesday 18:42:02 | ERROR | problem-compile.log | /run-bank-problem | DATA: {"code":"ERR_HTTP_HEADERS_SENT"} | 
06/10/2021 Wednesday 18:42:29 | ERROR | problem-compile.log | /run-bank-problem | DATA: {} | 
06/10/2021 Wednesday 18:42:42 | ERROR | problem-compile.log | /run-bank-problem | DATA: {} | 
